gradleBuild/outputs/logs/manifest-merger-debug-report.txt
-- Merging decision tree log ---
manifest
ADDED from android\tfmobile\AndroidManifest.xml:18:1-48:12
MERGED from [org.tensorflow:tensorflow-android:1.7.0-rc1] AndroidManifest.xml:2:1-8:12
	package
		ADDED from android\tfmobile\AndroidManifest.xml:20:5-34
	xmlns:tools
		ADDED from android\tfmobile\AndroidManifest.xml:19:5-51
	xmlns:android
		ADDED from android\tfmobile\AndroidManifest.xml:18:11-69
uses-permission#android.permission.CAMERA
ADDED from android\tfmobile\AndroidManifest.xml:22:5-65
	android:name
		ADDED from android\tfmobile\AndroidManifest.xml:22:22-62
uses-feature#android.hardware.camera
ADDED from android\tfmobile\AndroidManifest.xml:23:5-60
	android:name
		ADDED from android\tfmobile\AndroidManifest.xml:23:19-57
uses-feature#android.hardware.camera.autofocus
ADDED from android\tfmobile\AndroidManifest.xml:24:5-70
	android:name
		ADDED from android\tfmobile\AndroidManifest.xml:24:19-67
uses-permission#android.permission.WRITE_EXTERNAL_STORAGE
ADDED from android\tfmobile\AndroidManifest.xml:25:5-80
	android:name
		ADDED from android\tfmobile\AndroidManifest.xml:25:22-78
uses-sdk
ADDED from android\tfmobile\AndroidManifest.xml:27:5-29:41
	android:targetSdkVersion
		ADDED from android\tfmobile\AndroidManifest.xml:29:9-38
	android:minSdkVersion
		ADDED from android\tfmobile\AndroidManifest.xml:28:9-35
application
ADDED from android\tfmobile\AndroidManifest.xml:31:5-46:19
MERGED from [org.tensorflow:tensorflow-android:1.7.0-rc1] AndroidManifest.xml:5:5-6:19
MERGED from [org.tensorflow:tensorflow-android:1.7.0-rc1] AndroidManifest.xml:5:5-6:19
	android:label
		ADDED from android\tfmobile\AndroidManifest.xml:33:9-41
	android:debuggable
		ADDED from android\tfmobile\AndroidManifest.xml:32:9-34
	tools:ignore
		ADDED from android\tfmobile\AndroidManifest.xml:36:9-42
	android:icon
		ADDED from android\tfmobile\AndroidManifest.xml:34:9-45
	android:allowBackup
		ADDED from android\tfmobile\AndroidManifest.xml:31:18-44
	android:theme
		ADDED from android\tfmobile\AndroidManifest.xml:35:9-45
activity#org.tensorflow.demo.ClassifierActivity
ADDED from android\tfmobile\AndroidManifest.xml:38:9-45:20
	android:screenOrientation
		ADDED from android\tfmobile\AndroidManifest.xml:39:19-55
	android:label
		ADDED from android\tfmobile\AndroidManifest.xml:40:19-71
	android:name
		ADDED from android\tfmobile\AndroidManifest.xml:38:19-72
intent-filter#android.intent.action.MAIN+android.intent.category.LAUNCHER
ADDED from android\tfmobile\AndroidManifest.xml:41:13-44:29
action#android.intent.action.MAIN
ADDED from android\tfmobile\AndroidManifest.xml:42:17-69
	android:name
		ADDED from android\tfmobile\AndroidManifest.xml:42:25-66
category#android.intent.category.LAUNCHER
ADDED from android\tfmobile\AndroidManifest.xml:43:17-77
	android:name
		ADDED from android\tfmobile\AndroidManifest.xml:43:27-74
uses-permission#android.permission.READ_PHONE_STATE
IMPLIED from android\tfmobile\AndroidManifest.xml:18:1-48:12 reason: tensorflow.contrib.android has a targetSdkVersion < 4
uses-permission#android.permission.READ_EXTERNAL_STORAGE
IMPLIED from android\tfmobile\AndroidManifest.xml:18:1-48:12 reason: tensorflow.contrib.android requested WRITE_EXTERNAL_STORAGE